<?xml version="1.0" encoding="UTF-8"?>
<!-- Generated by org.testng.reporters.JUnitXMLReporter -->
<testsuite ignored="0" hostname="MacBook-Pro-de-Antonio.local" failures="1" tests="1" name="Command line test" time="0.243" errors="0" timestamp="2021-09-09T20:27:20 PET">
  <testcase classname="vehicletest.VehicleTest" name="TestTruckWhileTripSuccess" time="0.048">
    <failure type="java.lang.AssertionError" message="expected [Camion viajó 10.00  km y aún tiene 84.00   de combustible] but found [Camion viaj�� 10.00  km y a��n tiene 84.00   de combustible]">
      <![CDATA[java.lang.AssertionError: expected [Camion viajó 10.00  km y aún tiene 84.00   de combustible] but found [Camion viaj�� 10.00  km y a��n tiene 84.00   de combustible]
at vehicletest.VehicleTest.TestTruckWhileTripSuccess(VehicleTest.java:13)
at java.base/java.util.ArrayList.forEach(ArrayList.java:1511)
... Removed 42 stack frames]]>
    </failure>
  </testcase> <!-- TestTruckWhileTripSuccess -->
</testsuite> <!-- Command line test -->
